\BOOKMARK [1][-]{section.1}{\376\377\000I\000n\000t\000r\000o\000d\000u\000c\000t\000i\000o\000n}{}% 1
\BOOKMARK [2][-]{subsection.1.1}{\376\377\000D\000i\000g\000i\000t\000a\000l\000\040\000I\000m\000a\000g\000e}{section.1}% 2
\BOOKMARK [1][-]{section.2}{\376\377\000K\000e\000y\000\040\000C\000o\000n\000c\000e\000p\000t\000s}{}% 3
\BOOKMARK [2][-]{subsection.2.1}{\376\377\000C\000o\000v\000a\000r\000i\000a\000n\000c\000e\000\040}{section.2}% 4
\BOOKMARK [2][-]{subsection.2.2}{\376\377\000C\000o\000v\000a\000r\000i\000a\000n\000c\000e\000\040\000M\000a\000t\000r\000i\000x}{section.2}% 5
\BOOKMARK [2][-]{subsection.2.3}{\376\377\000E\000i\000g\000e\000n\000v\000e\000c\000t\000o\000r}{section.2}% 6
\BOOKMARK [2][-]{subsection.2.4}{\376\377\000E\000i\000g\000e\000n\000f\000a\000c\000e\000s}{section.2}% 7
\BOOKMARK [2][-]{subsection.2.5}{\376\377\000M\000e\000a\000n\000\040\000F\000a\000c\000e\000\040\000a\000n\000d\000\040\000M\000e\000a\000n\000\040\000S\000u\000b\000t\000r\000a\000c\000t\000i\000o\000n}{section.2}% 8
\BOOKMARK [2][-]{subsection.2.6}{\376\377\000W\000e\000i\000g\000h\000t\000s\000\040\000i\000n\000\040\000E\000i\000g\000e\000n\000f\000a\000c\000e\000\040\000S\000p\000a\000c\000e}{section.2}% 9
\BOOKMARK [2][-]{subsection.2.7}{\376\377\000E\000u\000c\000l\000i\000d\000e\000a\000n\000\040\000D\000i\000s\000t\000a\000n\000c\000e}{section.2}% 10
\BOOKMARK [1][-]{section.3}{\376\377\000D\000a\000t\000a\000s\000e\000t\000\040\000D\000e\000s\000c\000r\000i\000p\000t\000i\000o\000n}{}% 11
\BOOKMARK [1][-]{section.4}{\376\377\000P\000r\000i\000n\000c\000i\000p\000a\000l\000\040\000C\000o\000m\000p\000o\000n\000e\000n\000t\000\040\000A\000n\000a\000l\000y\000s\000i\000s\000\040\000\050\000P\000C\000A\000\051}{}% 12
\BOOKMARK [2][-]{subsection.4.1}{\376\377\000S\000t\000e\000p\000\040\0001\000:\000\040\000B\000u\000i\000l\000d\000i\000n\000g\000\040\000t\000h\000e\000\040\000I\000m\000a\000g\000e\000\040\000M\000a\000t\000r\000i\000x}{section.4}% 13
\BOOKMARK [2][-]{subsection.4.2}{\376\377\000S\000t\000e\000p\000\040\0002\000:\000\040\000C\000o\000m\000p\000u\000t\000i\000n\000g\000\040\000t\000h\000e\000\040\000M\000e\000a\000n\000\040\000F\000a\000c\000e}{section.4}% 14
\BOOKMARK [2][-]{subsection.4.3}{\376\377\000S\000t\000e\000p\000\040\0003\000:\000\040\000M\000e\000a\000n\000\040\000S\000u\000b\000t\000r\000a\000c\000t\000i\000o\000n\000\040\000\050\000C\000e\000n\000t\000r\000i\000n\000g\000\040\000t\000h\000e\000\040\000D\000a\000t\000a\000\051}{section.4}% 15
\BOOKMARK [2][-]{subsection.4.4}{\376\377\000S\000t\000e\000p\000\040\0004\000:\000\040\000T\000h\000e\000\040\000C\000o\000v\000a\000r\000i\000a\000n\000c\000e\000\040\000M\000a\000t\000r\000i\000x}{section.4}% 16
\BOOKMARK [2][-]{subsection.4.5}{\376\377\000S\000t\000e\000p\000\040\0005\000:\000\040\000E\000i\000g\000e\000n\000v\000a\000l\000u\000e\000s\000\040\000a\000n\000d\000\040\000E\000i\000g\000e\000n\000v\000e\000c\000t\000o\000r\000s}{section.4}% 17
\BOOKMARK [2][-]{subsection.4.6}{\376\377\000S\000t\000e\000p\000\040\0006\000:\000\040\000T\000h\000e\000\040\000C\000o\000m\000p\000u\000t\000a\000t\000i\000o\000n\000a\000l\000\040\000T\000r\000i\000c\000k}{section.4}% 18
\BOOKMARK [2][-]{subsection.4.7}{\376\377\000S\000t\000e\000p\000\040\0007\000:\000\040\000S\000e\000l\000e\000c\000t\000i\000n\000g\000\040\000K\000\040\000E\000i\000g\000e\000n\000f\000a\000c\000e\000s}{section.4}% 19
\BOOKMARK [2][-]{subsection.4.8}{\376\377\000S\000t\000e\000p\000\040\0008\000:\000\040\000P\000r\000o\000j\000e\000c\000t\000i\000n\000g\000\040\000F\000a\000c\000e\000s\000\040\000i\000n\000t\000o\000\040\000E\000i\000g\000e\000n\000f\000a\000c\000e\000\040\000S\000p\000a\000c\000e}{section.4}% 20
\BOOKMARK [2][-]{subsection.4.9}{\376\377\000S\000t\000e\000p\000\040\0009\000:\000\040\000R\000e\000c\000o\000n\000s\000t\000r\000u\000c\000t\000i\000n\000g\000\040\000F\000a\000c\000e\000s\000\040\000f\000r\000o\000m\000\040\000E\000i\000g\000e\000n\000f\000a\000c\000e\000s}{section.4}% 21
\BOOKMARK [1][-]{section.5}{\376\377\000I\000m\000p\000l\000e\000m\000e\000n\000t\000a\000t\000i\000o\000n}{}% 22
\BOOKMARK [2][-]{subsection.5.1}{\376\377\000P\000a\000r\000t\000\040\0001\000:\000\040\000L\000o\000a\000d\000i\000n\000g\000\040\000t\000h\000e\000\040\000D\000a\000t\000a\000s\000e\000t}{section.5}% 23
\BOOKMARK [2][-]{subsection.5.2}{\376\377\000P\000a\000r\000t\000\040\0002\000:\000\040\000B\000u\000i\000l\000d\000i\000n\000g\000\040\000t\000h\000e\000\040\000I\000m\000a\000g\000e\000\040\000M\000a\000t\000r\000i\000x\000\040\000A}{section.5}% 24
\BOOKMARK [2][-]{subsection.5.3}{\376\377\000P\000a\000r\000t\000\040\0003\000:\000\040\000A\000p\000p\000l\000y\000i\000n\000g\000\040\000P\000C\000A\000\040\000t\000o\000\040\000C\000o\000m\000p\000u\000t\000e\000\040\000E\000i\000g\000e\000n\000f\000a\000c\000e\000s}{section.5}% 25
\BOOKMARK [2][-]{subsection.5.4}{\376\377\000P\000a\000r\000t\000\040\0004\000:\000\040\000C\000o\000m\000p\000u\000t\000i\000n\000g\000\040\000t\000h\000e\000\040\000W\000e\000i\000g\000h\000t\000\040\000M\000a\000t\000r\000i\000x}{section.5}% 26
\BOOKMARK [2][-]{subsection.5.5}{\376\377\000P\000a\000r\000t\000\040\0005\000:\000\040\000R\000e\000c\000o\000g\000n\000i\000s\000i\000n\000g\000\040\000a\000\040\000K\000n\000o\000w\000n\000\040\000S\000u\000b\000j\000e\000c\000t\000\040\000\050\000S\000u\000b\000j\000e\000c\000t\000\040\0003\0009\000\051}{section.5}% 27
\BOOKMARK [2][-]{subsection.5.6}{\376\377\000P\000a\000r\000t\000\040\0006\000:\000\040\000R\000e\000c\000o\000g\000n\000i\000s\000i\000n\000g\000\040\000a\000n\000\040\000U\000n\000k\000n\000o\000w\000n\000\040\000S\000u\000b\000j\000e\000c\000t\000\040\000\050\000S\000u\000b\000j\000e\000c\000t\000\040\0004\0000\000\051}{section.5}% 28
\BOOKMARK [1][-]{section.6}{\376\377\000R\000e\000s\000u\000l\000t\000s}{}% 29
\BOOKMARK [2][-]{subsection.6.1}{\376\377\000T\000e\000s\000t\000\040\0001\000:\000\040\000K\000n\000o\000w\000n\000\040\000S\000u\000b\000j\000e\000c\000t\000\040\000\050\000S\000u\000b\000j\000e\000c\000t\000\040\0003\0009\000\051}{section.6}% 30
\BOOKMARK [2][-]{subsection.6.2}{\376\377\000T\000e\000s\000t\000\040\0002\000:\000\040\000U\000n\000k\000n\000o\000w\000n\000\040\000S\000u\000b\000j\000e\000c\000t\000\040\000\050\000S\000u\000b\000j\000e\000c\000t\000\040\0004\0000\000\051}{section.6}% 31
\BOOKMARK [2][-]{subsection.6.3}{\376\377\000O\000v\000e\000r\000a\000l\000l\000\040\000O\000b\000s\000e\000r\000v\000a\000t\000i\000o\000n\000s}{section.6}% 32
\BOOKMARK [1][-]{section.7}{\376\377\000S\000o\000m\000e\000\040\000I\000n\000s\000i\000g\000h\000t\000s\000\040}{}% 33
\BOOKMARK [1][-]{section.8}{\376\377\000B\000o\000n\000u\000s\000\040\000L\000e\000a\000r\000n\000i\000n\000g}{}% 34
